<?xml version="1.0" encoding="UTF-8"?>
<testng-results skipped="0" failed="0" total="2" passed="2">
  <reporter-output>
  </reporter-output>
  <suite name="Grid" duration-ms="45635" started-at="2016-12-29T02:45:04Z" finished-at="2016-12-29T02:45:50Z">
    <groups>
    </groups>
    <test name="On chrome" duration-ms="27876" started-at="2016-12-29T02:45:04Z" finished-at="2016-12-29T02:45:32Z">
      <class name="grid.GrigEg2">
        <test-method status="PASS" signature="test(java.lang.String)[pri:0, instance:grid.GrigEg2@462ac22a]" name="test" duration-ms="27802" started-at="2016-12-29T08:15:04Z" finished-at="2016-12-29T08:15:32Z">
          <params>
            <param index="0">
              <value>
                <![CDATA[chrome]]>
              </value>
            </param>
          </params>
          <reporter-output>
          </reporter-output>
        </test-method> <!-- test -->
      </class> <!-- grid.GrigEg2 -->
    </test> <!-- On chrome -->
    <test name="On Firefox" duration-ms="45635" started-at="2016-12-29T02:45:04Z" finished-at="2016-12-29T02:45:50Z">
      <class name="grid.GrigEg2">
        <test-method status="PASS" signature="test(java.lang.String)[pri:0, instance:grid.GrigEg2@68b4bc8e]" name="test" duration-ms="45579" started-at="2016-12-29T08:15:04Z" finished-at="2016-12-29T08:15:50Z">
          <params>
            <param index="0">
              <value>
                <![CDATA[firefox]]>
              </value>
            </param>
          </params>
          <reporter-output>
          </reporter-output>
        </test-method> <!-- test -->
      </class> <!-- grid.GrigEg2 -->
    </test> <!-- On Firefox -->
  </suite> <!-- Grid -->
</testng-results>
